{"level":"debug","time":"2023-05-24T18:16:27.782+0530","caller":"ulimit/ulimit.go:35","msg":"File descriptor limit 61440"}
{"level":"info","time":"2023-05-24T18:16:27.836+0530","caller":"cmd/lt.go:183","msg":"LambdaTest Tunnel version: 3.1.30"}
{"level":"debug","time":"2023-05-24T18:16:27.837+0530","caller":"core/lifecycle.go:41","msg":"Starting pipeline....."}
{"level":"debug","time":"2023-05-24T18:16:27.837+0530","caller":"core/lifecycle.go:42","msg":"OS: darwin, Arch: amd64"}
{"level":"debug","time":"2023-05-24T18:16:27.837+0530","caller":"core/lifecycle.go:43","msg":"Fetching config"}
{"level":"debug","time":"2023-05-24T18:16:27.838+0530","caller":"core/lifecycle.go:65","msg":"Starting tunnel With flags: --user mohammadk --key ***** -v --env prod --controller npm --infoAPIPort 64518 --tunnelName LT-MBP-086.local64518 --logFile LT-MBP-086.local64518.log --port 64519"}
{"level":"debug","time":"2023-05-24T18:16:28.789+0530","caller":"core/lifecycle.go:83","msg":"Remote config fetched"}
{"level":"debug","time":"2023-05-24T18:16:28.959+0530","caller":"apiserver/setup.go:154","msg":"Starting API server"}
{"level":"debug","time":"2023-05-24T18:16:28.959+0530","caller":"networkscanner/setup.go:97","msg":"Trying on port 443"}
{"level":"debug","time":"2023-05-24T18:16:28.959+0530","caller":"networkscanner/setup.go:63","msg":"Trying on port 22"}
{"level":"debug","time":"2023-05-24T18:16:28.959+0530","caller":"networkscanner/setup.go:131","msg":"Trying over ssh over ws"}
{"level":"debug","time":"2023-05-24T18:16:28.959+0530","caller":"custom/setup.go:714","msg":"Starting sink proxy"}
{"level":"debug","time":"2023-05-24T18:16:28.959+0530","caller":"apiserver/setup.go:136","msg":"Starting API server for tunnel info on port: 64518"}
{"level":"info","time":"2023-05-24T18:16:28.960+0530","caller":"custom/setup.go:661","msg":"Tunnel binary started on port :64519"}
{"level":"debug","time":"2023-05-24T18:16:29.133+0530","caller":"networkscanner/setup.go:148","msg":"WSS connection was successful"}
{"level":"debug","time":"2023-05-24T18:16:29.867+0530","caller":"networkscanner/setup.go:118","msg":"SSH connection over port 443 successful"}
{"level":"debug","time":"2023-05-24T18:16:29.921+0530","caller":"networkscanner/setup.go:84","msg":"SSH connection over port 22 successful"}
{"level":"debug","time":"2023-05-24T18:16:29.921+0530","caller":"networkscanner/setup.go:173","msg":"SSH connection over ws successful"}
{"level":"info","time":"2023-05-24T18:16:29.921+0530","caller":"core/lifecycle.go:120","msg":"Using ssh(over_22) :: connection mode"}
{"level":"info","time":"2023-05-24T18:16:29.921+0530","caller":"core/lifecycle.go:250","msg":"Launching tunnel"}
{"level":"debug","time":"2023-05-24T18:16:29.922+0530","caller":"ws/control.go:34","msg":"Starting control ws connection at wss://ts.lambdatest.com/monitor"}
{"level":"debug","time":"2023-05-24T18:16:30.422+0530","caller":"ws/control.go:72","msg":"Control ws channel opened"}
{"level":"debug","time":"2023-05-24T18:16:30.422+0530","caller":"ws/control.go:131","msg":"Starting message listener on control connection"}
{"level":"debug","time":"2023-05-24T18:16:31.946+0530","caller":"ws/control.go:196","msg":"Tunnel registered message received on control channel"}
{"level":"debug","time":"2023-05-24T18:16:31.946+0530","caller":"core/lifecycle.go:322","msg":"Sending tunnel registered message to channels"}
{"level":"debug","time":"2023-05-24T18:16:31.946+0530","caller":"ws/control.go:200","msg":"controller bus registered"}
{"level":"debug","time":"2023-05-24T18:16:31.946+0530","caller":"ssh/setup.go:71","msg":"Using 5 ssh connection"}
{"level":"debug","time":"2023-05-24T18:16:33.028+0530","caller":"ssh/ssh.go:216","msg":"Successfully started sshd listener on port: 13880"}
{"level":"debug","time":"2023-05-24T18:16:33.029+0530","caller":"ssh/ssh.go:216","msg":"Successfully started sshd listener on port: 18820"}
{"level":"info","time":"2023-05-24T18:16:33.029+0530","caller":"core/lifecycle.go:336","msg":"You can start testing now"}
{"level":"info","time":"2023-05-24T18:16:33.029+0530","caller":"core/lifecycle.go:337","msg":"Tunnel ID: 3859364"}
{"level":"debug","time":"2023-05-24T18:16:33.029+0530","caller":"core/lifecycle.go:338","msg":"Remote Listener Started on Port 16258"}
{"level":"debug","time":"2023-05-24T18:16:33.032+0530","caller":"ssh/ssh.go:216","msg":"Successfully started sshd listener on port: 17894"}
{"level":"debug","time":"2023-05-24T18:16:33.095+0530","caller":"ssh/ssh.go:216","msg":"Successfully started sshd listener on port: 1620"}
{"level":"debug","time":"2023-05-24T18:16:33.095+0530","caller":"ssh/ssh.go:216","msg":"Successfully started sshd listener on port: 31423"}
{"level":"debug","time":"2023-05-24T18:17:17.018+0530","caller":"custom/setup.go:473","msg":"handling connect request for URL https://accounts.google.com:443"}
{"level":"debug","time":"2023-05-24T18:17:17.018+0530","caller":"custom/setup.go:473","msg":"handling connect request for URL https://clientservices.googleapis.com:443"}
{"level":"debug","time":"2023-05-24T18:17:18.708+0530","caller":"custom/setup.go:473","msg":"handling connect request for URL https://content-autofill.googleapis.com:443"}
{"level":"debug","time":"2023-05-24T18:17:22.324+0530","caller":"custom/setup.go:473","msg":"handling connect request for URL https://the-internet.herokuapp.com:443"}
{"level":"debug","time":"2023-05-24T18:17:28.527+0530","caller":"custom/setup.go:473","msg":"handling connect request for URL https://the-internet.herokuapp.com:443"}
{"level":"debug","time":"2023-05-24T18:17:28.527+0530","caller":"custom/setup.go:473","msg":"handling connect request for URL https://the-internet.herokuapp.com:443"}
{"level":"debug","time":"2023-05-24T18:17:28.582+0530","caller":"custom/setup.go:473","msg":"handling connect request for URL https://the-internet.herokuapp.com:443"}
{"level":"debug","time":"2023-05-24T18:17:28.582+0530","caller":"custom/setup.go:473","msg":"handling connect request for URL https://the-internet.herokuapp.com:443"}
{"level":"debug","time":"2023-05-24T18:17:28.583+0530","caller":"custom/setup.go:473","msg":"handling connect request for URL https://the-internet.herokuapp.com:443"}
{"level":"debug","time":"2023-05-24T18:17:30.182+0530","caller":"custom/setup.go:473","msg":"handling connect request for URL https://298279967.log.optimizely.com:443"}
{"level":"warn","time":"2023-05-24T18:17:30.185+0530","caller":"custom/setup.go:510","msg":"error while tunneling https request for host 298279967.log.optimizely.com:443, dial tcp: lookup 298279967.log.optimizely.com: no such host"}
{"level":"debug","time":"2023-05-24T18:17:30.554+0530","caller":"custom/setup.go:473","msg":"handling connect request for URL https://optimizationguide-pa.googleapis.com:443"}
{"level":"debug","time":"2023-05-24T18:17:32.907+0530","caller":"custom/setup.go:473","msg":"handling connect request for URL https://optimizationguide-pa.googleapis.com:443"}
{"level":"debug","time":"2023-05-24T18:17:34.913+0530","caller":"custom/setup.go:473","msg":"handling connect request for URL https://298279967.log.optimizely.com:443"}
{"level":"warn","time":"2023-05-24T18:17:34.914+0530","caller":"custom/setup.go:510","msg":"error while tunneling https request for host 298279967.log.optimizely.com:443, dial tcp: lookup 298279967.log.optimizely.com: no such host"}
{"level":"debug","time":"2023-05-24T18:17:36.264+0530","caller":"custom/setup.go:473","msg":"handling connect request for URL https://optimizationguide-pa.googleapis.com:443"}
{"level":"debug","time":"2023-05-24T18:17:36.567+0530","caller":"custom/setup.go:473","msg":"handling connect request for URL https://298279967.log.optimizely.com:443"}
{"level":"warn","time":"2023-05-24T18:17:36.568+0530","caller":"custom/setup.go:510","msg":"error while tunneling https request for host 298279967.log.optimizely.com:443, dial tcp: lookup 298279967.log.optimizely.com: no such host"}
{"level":"debug","time":"2023-05-24T18:17:37.880+0530","caller":"custom/setup.go:473","msg":"handling connect request for URL https://298279967.log.optimizely.com:443"}
{"level":"warn","time":"2023-05-24T18:17:37.881+0530","caller":"custom/setup.go:510","msg":"error while tunneling https request for host 298279967.log.optimizely.com:443, dial tcp: lookup 298279967.log.optimizely.com: no such host"}
{"level":"debug","time":"2023-05-24T18:17:38.382+0530","caller":"custom/setup.go:473","msg":"handling connect request for URL https://298279967.log.optimizely.com:443"}
{"level":"warn","time":"2023-05-24T18:17:38.383+0530","caller":"custom/setup.go:510","msg":"error while tunneling https request for host 298279967.log.optimizely.com:443, dial tcp: lookup 298279967.log.optimizely.com: no such host"}
{"level":"debug","time":"2023-05-24T18:17:38.387+0530","caller":"custom/setup.go:473","msg":"handling connect request for URL https://298279967.log.optimizely.com:443"}
{"level":"warn","time":"2023-05-24T18:17:38.388+0530","caller":"custom/setup.go:510","msg":"error while tunneling https request for host 298279967.log.optimizely.com:443, dial tcp: lookup 298279967.log.optimizely.com: no such host"}
{"level":"debug","time":"2023-05-24T18:17:39.962+0530","caller":"custom/setup.go:473","msg":"handling connect request for URL https://298279967.log.optimizely.com:443"}
{"level":"warn","time":"2023-05-24T18:17:39.964+0530","caller":"custom/setup.go:510","msg":"error while tunneling https request for host 298279967.log.optimizely.com:443, dial tcp: lookup 298279967.log.optimizely.com: no such host"}
{"level":"debug","time":"2023-05-24T18:17:40.017+0530","caller":"custom/setup.go:473","msg":"handling connect request for URL https://298279967.log.optimizely.com:443"}
{"level":"warn","time":"2023-05-24T18:17:40.019+0530","caller":"custom/setup.go:510","msg":"error while tunneling https request for host 298279967.log.optimizely.com:443, dial tcp: lookup 298279967.log.optimizely.com: no such host"}
{"level":"debug","time":"2023-05-24T18:17:40.263+0530","caller":"custom/setup.go:473","msg":"handling connect request for URL https://optimizationguide-pa.googleapis.com:443"}
{"level":"debug","time":"2023-05-24T18:17:41.811+0530","caller":"custom/setup.go:473","msg":"handling connect request for URL https://298279967.log.optimizely.com:443"}
{"level":"warn","time":"2023-05-24T18:17:41.814+0530","caller":"custom/setup.go:510","msg":"error while tunneling https request for host 298279967.log.optimizely.com:443, dial tcp: lookup 298279967.log.optimizely.com: no such host"}
{"level":"debug","time":"2023-05-24T18:17:42.473+0530","caller":"custom/setup.go:473","msg":"handling connect request for URL https://298279967.log.optimizely.com:443"}
{"level":"debug","time":"2023-05-24T18:17:42.473+0530","caller":"custom/setup.go:473","msg":"handling connect request for URL https://298279967.log.optimizely.com:443"}
{"level":"warn","time":"2023-05-24T18:17:42.474+0530","caller":"custom/setup.go:510","msg":"error while tunneling https request for host 298279967.log.optimizely.com:443, dial tcp: lookup 298279967.log.optimizely.com: no such host"}
{"level":"warn","time":"2023-05-24T18:17:42.474+0530","caller":"custom/setup.go:510","msg":"error while tunneling https request for host 298279967.log.optimizely.com:443, dial tcp: lookup 298279967.log.optimizely.com: no such host"}
{"level":"debug","time":"2023-05-24T18:17:45.812+0530","caller":"custom/setup.go:473","msg":"handling connect request for URL https://clientservices.googleapis.com:443"}
{"level":"debug","time":"2023-05-24T18:17:45.812+0530","caller":"custom/setup.go:473","msg":"handling connect request for URL https://accounts.google.com:443"}
{"level":"debug","time":"2023-05-24T18:17:46.409+0530","caller":"custom/setup.go:473","msg":"handling connect request for URL https://clientservices.googleapis.com:443"}
{"level":"debug","time":"2023-05-24T18:17:46.409+0530","caller":"custom/setup.go:473","msg":"handling connect request for URL https://accounts.google.com:443"}
{"level":"debug","time":"2023-05-24T18:17:47.953+0530","caller":"custom/setup.go:473","msg":"handling connect request for URL https://content-autofill.googleapis.com:443"}
{"level":"debug","time":"2023-05-24T18:17:48.190+0530","caller":"custom/setup.go:473","msg":"handling connect request for URL https://content-autofill.googleapis.com:443"}
{"level":"debug","time":"2023-05-24T18:17:51.621+0530","caller":"custom/setup.go:345","msg":"handle http request for localhost:8080"}
{"level":"debug","time":"2023-05-24T18:17:51.628+0530","caller":"custom/setup.go:440","msg":"Response &{200 OK 200 HTTP/1.1 1 1 map[Accept-Ranges:[bytes] Cache-Control:[max-age=3600] Connection:[keep-alive] Content-Length:[143] Content-Type:[text/html; charset=UTF-8] Date:[Wed, 24 May 2023 12:47:51 GMT] Etag:[W/\"5682598-143-2023-05-24T11:36:19.660Z\"] Keep-Alive:[timeout=5] Last-Modified:[Wed, 24 May 2023 11:36:19 GMT]] 0xc000053580 143 [] false false map[] 0xc0004e8e00 <nil>} for http request from host localhost:8080"}
{"level":"debug","time":"2023-05-24T18:17:51.706+0530","caller":"custom/setup.go:473","msg":"handling connect request for URL https://duckduckgo.com:443"}
{"level":"debug","time":"2023-05-24T18:17:54.609+0530","caller":"custom/setup.go:345","msg":"handle http request for localhost:8080"}
{"level":"debug","time":"2023-05-24T18:17:54.617+0530","caller":"custom/setup.go:440","msg":"Response &{200 OK 200 HTTP/1.1 1 1 map[Accept-Ranges:[bytes] Cache-Control:[max-age=3600] Connection:[keep-alive] Content-Length:[143] Content-Type:[text/html; charset=UTF-8] Date:[Wed, 24 May 2023 12:47:54 GMT] Etag:[W/\"5682598-143-2023-05-24T11:36:19.660Z\"] Keep-Alive:[timeout=5] Last-Modified:[Wed, 24 May 2023 11:36:19 GMT]] 0xc000052600 143 [] false false map[] 0xc000158300 <nil>} for http request from host localhost:8080"}
{"level":"debug","time":"2023-05-24T18:17:58.348+0530","caller":"custom/setup.go:473","msg":"handling connect request for URL https://duckduckgo.com:443"}
{"level":"debug","time":"2023-05-24T18:17:58.348+0530","caller":"custom/setup.go:473","msg":"handling connect request for URL https://duckduckgo.com:443"}
{"level":"debug","time":"2023-05-24T18:17:58.349+0530","caller":"custom/setup.go:473","msg":"handling connect request for URL https://duckduckgo.com:443"}
{"level":"debug","time":"2023-05-24T18:17:58.439+0530","caller":"custom/setup.go:473","msg":"handling connect request for URL https://duckduckgo.com:443"}
{"level":"debug","time":"2023-05-24T18:17:58.439+0530","caller":"custom/setup.go:473","msg":"handling connect request for URL https://duckduckgo.com:443"}
{"level":"debug","time":"2023-05-24T18:18:00.072+0530","caller":"custom/setup.go:473","msg":"handling connect request for URL https://optimizationguide-pa.googleapis.com:443"}
{"level":"debug","time":"2023-05-24T18:18:02.880+0530","caller":"custom/setup.go:473","msg":"handling connect request for URL https://improving.duckduckgo.com:443"}
{"level":"debug","time":"2023-05-24T18:18:02.953+0530","caller":"custom/setup.go:473","msg":"handling connect request for URL https://improving.duckduckgo.com:443"}
{"level":"debug","time":"2023-05-24T18:18:02.953+0530","caller":"custom/setup.go:473","msg":"handling connect request for URL https://optimizationguide-pa.googleapis.com:443"}
{"level":"debug","time":"2023-05-24T18:18:06.834+0530","caller":"custom/setup.go:473","msg":"handling connect request for URL https://improving.duckduckgo.com:443"}
{"level":"debug","time":"2023-05-24T18:18:07.184+0530","caller":"custom/setup.go:473","msg":"handling connect request for URL https://duckduckgo.com:443"}
{"level":"debug","time":"2023-05-24T18:18:08.570+0530","caller":"custom/setup.go:473","msg":"handling connect request for URL https://optimizationguide-pa.googleapis.com:443"}
{"level":"debug","time":"2023-05-24T18:18:10.221+0530","caller":"custom/setup.go:473","msg":"handling connect request for URL https://duckduckgo.com:443"}
{"level":"debug","time":"2023-05-24T18:18:10.235+0530","caller":"custom/setup.go:473","msg":"handling connect request for URL https://duckduckgo.com:443"}
{"level":"debug","time":"2023-05-24T18:18:10.235+0530","caller":"custom/setup.go:473","msg":"handling connect request for URL https://duckduckgo.com:443"}
{"level":"debug","time":"2023-05-24T18:18:10.336+0530","caller":"custom/setup.go:473","msg":"handling connect request for URL https://duckduckgo.com:443"}
{"level":"debug","time":"2023-05-24T18:18:10.402+0530","caller":"custom/setup.go:473","msg":"handling connect request for URL https://duckduckgo.com:443"}
{"level":"debug","time":"2023-05-24T18:18:10.418+0530","caller":"custom/setup.go:473","msg":"handling connect request for URL https://links.duckduckgo.com:443"}
{"level":"debug","time":"2023-05-24T18:18:10.735+0530","caller":"custom/setup.go:473","msg":"handling connect request for URL https://duckduckgo.com:443"}
{"level":"debug","time":"2023-05-24T18:18:15.264+0530","caller":"custom/setup.go:473","msg":"handling connect request for URL https://external-content.duckduckgo.com:443"}
{"level":"debug","time":"2023-05-24T18:18:15.267+0530","caller":"custom/setup.go:473","msg":"handling connect request for URL https://external-content.duckduckgo.com:443"}
{"level":"debug","time":"2023-05-24T18:18:15.267+0530","caller":"custom/setup.go:473","msg":"handling connect request for URL https://external-content.duckduckgo.com:443"}
{"level":"debug","time":"2023-05-24T18:18:15.308+0530","caller":"custom/setup.go:473","msg":"handling connect request for URL https://external-content.duckduckgo.com:443"}
{"level":"debug","time":"2023-05-24T18:18:15.308+0530","caller":"custom/setup.go:473","msg":"handling connect request for URL https://external-content.duckduckgo.com:443"}
{"level":"debug","time":"2023-05-24T18:18:15.356+0530","caller":"custom/setup.go:473","msg":"handling connect request for URL https://external-content.duckduckgo.com:443"}
{"level":"debug","time":"2023-05-24T18:18:28.167+0530","caller":"core/lifecycle.go:379","msg":"Context cancelled"}
{"level":"debug","time":"2023-05-24T18:18:28.167+0530","caller":"apiserver/setup.go:132","msg":"Shutting down the server"}
{"level":"info","time":"2023-05-24T18:18:28.167+0530","caller":"core/lifecycle.go:381","msg":"Stopping tunnel"}
{"level":"debug","time":"2023-05-24T18:18:28.167+0530","caller":"custom/setup.go:702","msg":"Exiting the sink proxy"}
{"level":"debug","time":"2023-05-24T18:18:28.168+0530","caller":"ws/control.go:140","msg":"Unusual close error on control channel..."}
{"level":"debug","time":"2023-05-24T18:18:28.168+0530","caller":"ws/control.go:193","msg":"Write loop ended for control channel"}
{"level":"debug","time":"2023-05-24T18:18:29.109+0530","caller":"ssh/ssh.go:222","msg":"Remote connection on remote port: 31423 closed, reason: EOF"}
{"level":"debug","time":"2023-05-24T18:18:29.109+0530","caller":"ssh/ssh.go:222","msg":"Remote connection on remote port: 13880 closed, reason: EOF"}
{"level":"debug","time":"2023-05-24T18:18:29.109+0530","caller":"ssh/ssh.go:222","msg":"Remote connection on remote port: 17894 closed, reason: EOF"}
{"level":"debug","time":"2023-05-24T18:18:29.109+0530","caller":"ssh/ssh.go:222","msg":"Remote connection on remote port: 18820 closed, reason: EOF"}
{"level":"debug","time":"2023-05-24T18:18:29.109+0530","caller":"ssh/ssh.go:244","msg":"closed ssh connection with port 31423"}
{"level":"debug","time":"2023-05-24T18:18:29.109+0530","caller":"ssh/ssh.go:222","msg":"Remote connection on remote port: 1620 closed, reason: EOF"}
{"level":"debug","time":"2023-05-24T18:18:29.110+0530","caller":"ssh/ssh.go:244","msg":"closed ssh connection with port 13880"}
{"level":"debug","time":"2023-05-24T18:18:29.110+0530","caller":"ssh/ssh.go:244","msg":"closed ssh connection with port 17894"}
{"level":"debug","time":"2023-05-24T18:18:29.110+0530","caller":"ssh/ssh.go:244","msg":"closed ssh connection with port 1620"}
{"level":"debug","time":"2023-05-24T18:18:29.110+0530","caller":"ssh/ssh.go:244","msg":"closed ssh connection with port 18820"}
{"level":"info","time":"2023-05-24T18:18:29.266+0530","caller":"core/lifecycle.go:388","msg":"Tunnel stopped successfully"}
{"level":"debug","time":"2023-05-24T18:18:29.266+0530","caller":"core/lifecycle.go:390","msg":"Quit requested from main goroutine...."}
{"level":"debug","time":"2023-05-24T18:18:29.266+0530","caller":"core/lifecycle.go:391","msg":"Waiting for the goroutines to exit"}
{"level":"debug","time":"2023-05-24T18:18:29.266+0530","caller":"core/lifecycle.go:393","msg":"All goroutines exited"}
{"level":"debug","time":"2023-05-24T18:18:29.266+0530","caller":"cmd/lt.go:239","msg":"main: all goroutines have finished."}
