{"level":"debug","time":"2023-05-24T18:22:25.871+0530","caller":"ulimit/ulimit.go:35","msg":"File descriptor limit 61440"}
{"level":"info","time":"2023-05-24T18:22:26.060+0530","caller":"cmd/lt.go:183","msg":"LambdaTest Tunnel version: 3.1.30"}
{"level":"debug","time":"2023-05-24T18:22:26.060+0530","caller":"core/lifecycle.go:41","msg":"Starting pipeline....."}
{"level":"debug","time":"2023-05-24T18:22:26.060+0530","caller":"core/lifecycle.go:42","msg":"OS: darwin, Arch: amd64"}
{"level":"debug","time":"2023-05-24T18:22:26.060+0530","caller":"core/lifecycle.go:43","msg":"Fetching config"}
{"level":"debug","time":"2023-05-24T18:22:26.061+0530","caller":"core/lifecycle.go:65","msg":"Starting tunnel With flags: --user mohammadk --key ***** -v --env prod --controller npm --infoAPIPort 64740 --tunnelName LT-MBP-086.local64740 --logFile LT-MBP-086.local64740.log --port 64741"}
{"level":"debug","time":"2023-05-24T18:22:26.721+0530","caller":"core/lifecycle.go:83","msg":"Remote config fetched"}
{"level":"debug","time":"2023-05-24T18:22:26.936+0530","caller":"apiserver/setup.go:154","msg":"Starting API server"}
{"level":"debug","time":"2023-05-24T18:22:26.936+0530","caller":"networkscanner/setup.go:63","msg":"Trying on port 22"}
{"level":"debug","time":"2023-05-24T18:22:26.936+0530","caller":"custom/setup.go:714","msg":"Starting sink proxy"}
{"level":"debug","time":"2023-05-24T18:22:26.936+0530","caller":"networkscanner/setup.go:131","msg":"Trying over ssh over ws"}
{"level":"debug","time":"2023-05-24T18:22:26.936+0530","caller":"apiserver/setup.go:136","msg":"Starting API server for tunnel info on port: 64740"}
{"level":"debug","time":"2023-05-24T18:22:26.936+0530","caller":"networkscanner/setup.go:97","msg":"Trying on port 443"}
{"level":"info","time":"2023-05-24T18:22:26.937+0530","caller":"custom/setup.go:661","msg":"Tunnel binary started on port :64741"}
{"level":"debug","time":"2023-05-24T18:22:27.082+0530","caller":"networkscanner/setup.go:148","msg":"WSS connection was successful"}
{"level":"debug","time":"2023-05-24T18:22:27.844+0530","caller":"networkscanner/setup.go:118","msg":"SSH connection over port 443 successful"}
{"level":"debug","time":"2023-05-24T18:22:27.874+0530","caller":"networkscanner/setup.go:173","msg":"SSH connection over ws successful"}
{"level":"debug","time":"2023-05-24T18:22:27.894+0530","caller":"networkscanner/setup.go:84","msg":"SSH connection over port 22 successful"}
{"level":"info","time":"2023-05-24T18:22:27.894+0530","caller":"core/lifecycle.go:120","msg":"Using ssh(over_22) :: connection mode"}
{"level":"info","time":"2023-05-24T18:22:27.894+0530","caller":"core/lifecycle.go:250","msg":"Launching tunnel"}
{"level":"debug","time":"2023-05-24T18:22:27.895+0530","caller":"ws/control.go:34","msg":"Starting control ws connection at wss://ts.lambdatest.com/monitor"}
{"level":"debug","time":"2023-05-24T18:22:28.537+0530","caller":"ws/control.go:72","msg":"Control ws channel opened"}
{"level":"debug","time":"2023-05-24T18:22:28.538+0530","caller":"ws/control.go:131","msg":"Starting message listener on control connection"}
{"level":"debug","time":"2023-05-24T18:22:30.027+0530","caller":"core/lifecycle.go:322","msg":"Sending tunnel registered message to channels"}
{"level":"debug","time":"2023-05-24T18:22:30.027+0530","caller":"ssh/setup.go:71","msg":"Using 5 ssh connection"}
{"level":"debug","time":"2023-05-24T18:22:30.027+0530","caller":"ws/control.go:196","msg":"Tunnel registered message received on control channel"}
{"level":"debug","time":"2023-05-24T18:22:30.028+0530","caller":"ws/control.go:200","msg":"controller bus registered"}
{"level":"debug","time":"2023-05-24T18:22:31.057+0530","caller":"ssh/ssh.go:216","msg":"Successfully started sshd listener on port: 17546"}
{"level":"debug","time":"2023-05-24T18:22:31.171+0530","caller":"ssh/ssh.go:216","msg":"Successfully started sshd listener on port: 29072"}
{"level":"info","time":"2023-05-24T18:22:31.171+0530","caller":"core/lifecycle.go:336","msg":"You can start testing now"}
{"level":"info","time":"2023-05-24T18:22:31.171+0530","caller":"core/lifecycle.go:337","msg":"Tunnel ID: 3859417"}
{"level":"debug","time":"2023-05-24T18:22:31.171+0530","caller":"core/lifecycle.go:338","msg":"Remote Listener Started on Port 5607"}
{"level":"debug","time":"2023-05-24T18:22:31.353+0530","caller":"ssh/ssh.go:216","msg":"Successfully started sshd listener on port: 28836"}
{"level":"debug","time":"2023-05-24T18:22:31.517+0530","caller":"ssh/ssh.go:216","msg":"Successfully started sshd listener on port: 13950"}
{"level":"debug","time":"2023-05-24T18:22:31.667+0530","caller":"ssh/ssh.go:216","msg":"Successfully started sshd listener on port: 16975"}
{"level":"debug","time":"2023-05-24T18:23:38.519+0530","caller":"custom/setup.go:473","msg":"handling connect request for URL https://clientservices.googleapis.com:443"}
{"level":"debug","time":"2023-05-24T18:23:38.519+0530","caller":"custom/setup.go:473","msg":"handling connect request for URL https://accounts.google.com:443"}
{"level":"debug","time":"2023-05-24T18:23:39.861+0530","caller":"custom/setup.go:473","msg":"handling connect request for URL https://content-autofill.googleapis.com:443"}
{"level":"debug","time":"2023-05-24T18:23:43.316+0530","caller":"custom/setup.go:345","msg":"handle http request for localhost:8080"}
{"level":"debug","time":"2023-05-24T18:23:43.323+0530","caller":"custom/setup.go:440","msg":"Response &{200 OK 200 HTTP/1.1 1 1 map[Accept-Ranges:[bytes] Cache-Control:[max-age=3600] Connection:[keep-alive] Content-Length:[143] Content-Type:[text/html; charset=UTF-8] Date:[Wed, 24 May 2023 12:53:43 GMT] Etag:[W/\"5682598-143-2023-05-24T11:36:19.660Z\"] Keep-Alive:[timeout=5] Last-Modified:[Wed, 24 May 2023 11:36:19 GMT]] 0xc000648340 143 [] false false map[] 0xc0002fe700 <nil>} for http request from host localhost:8080"}
{"level":"debug","time":"2023-05-24T18:23:45.027+0530","caller":"custom/setup.go:473","msg":"handling connect request for URL https://clientservices.googleapis.com:443"}
{"level":"debug","time":"2023-05-24T18:23:45.027+0530","caller":"custom/setup.go:473","msg":"handling connect request for URL https://accounts.google.com:443"}
{"level":"debug","time":"2023-05-24T18:23:46.067+0530","caller":"custom/setup.go:345","msg":"handle http request for localhost:8080"}
{"level":"debug","time":"2023-05-24T18:23:46.074+0530","caller":"custom/setup.go:440","msg":"Response &{200 OK 200 HTTP/1.1 1 1 map[Accept-Ranges:[bytes] Cache-Control:[max-age=3600] Connection:[keep-alive] Content-Length:[143] Content-Type:[text/html; charset=UTF-8] Date:[Wed, 24 May 2023 12:53:46 GMT] Etag:[W/\"5682598-143-2023-05-24T11:36:19.660Z\"] Keep-Alive:[timeout=5] Last-Modified:[Wed, 24 May 2023 11:36:19 GMT]] 0xc0006a2200 143 [] false false map[] 0xc000414400 <nil>} for http request from host localhost:8080"}
{"level":"debug","time":"2023-05-24T18:23:47.602+0530","caller":"custom/setup.go:473","msg":"handling connect request for URL https://content-autofill.googleapis.com:443"}
{"level":"debug","time":"2023-05-24T18:23:49.503+0530","caller":"custom/setup.go:473","msg":"handling connect request for URL https://clientservices.googleapis.com:443"}
{"level":"debug","time":"2023-05-24T18:23:49.503+0530","caller":"custom/setup.go:473","msg":"handling connect request for URL https://accounts.google.com:443"}
{"level":"debug","time":"2023-05-24T18:23:51.307+0530","caller":"custom/setup.go:473","msg":"handling connect request for URL https://content-autofill.googleapis.com:443"}
{"level":"debug","time":"2023-05-24T18:23:51.352+0530","caller":"custom/setup.go:473","msg":"handling connect request for URL https://duckduckgo.com:443"}
{"level":"debug","time":"2023-05-24T18:23:55.432+0530","caller":"custom/setup.go:473","msg":"handling connect request for URL https://the-internet.herokuapp.com:443"}
{"level":"debug","time":"2023-05-24T18:23:56.604+0530","caller":"custom/setup.go:473","msg":"handling connect request for URL https://duckduckgo.com:443"}
{"level":"debug","time":"2023-05-24T18:23:56.604+0530","caller":"custom/setup.go:473","msg":"handling connect request for URL https://duckduckgo.com:443"}
{"level":"debug","time":"2023-05-24T18:23:56.604+0530","caller":"custom/setup.go:473","msg":"handling connect request for URL https://duckduckgo.com:443"}
{"level":"debug","time":"2023-05-24T18:23:56.927+0530","caller":"custom/setup.go:473","msg":"handling connect request for URL https://duckduckgo.com:443"}
{"level":"debug","time":"2023-05-24T18:23:56.940+0530","caller":"custom/setup.go:473","msg":"handling connect request for URL https://duckduckgo.com:443"}
{"level":"debug","time":"2023-05-24T18:23:59.630+0530","caller":"custom/setup.go:473","msg":"handling connect request for URL https://optimizationguide-pa.googleapis.com:443"}
{"level":"debug","time":"2023-05-24T18:24:00.210+0530","caller":"custom/setup.go:473","msg":"handling connect request for URL https://improving.duckduckgo.com:443"}
{"level":"debug","time":"2023-05-24T18:24:00.213+0530","caller":"custom/setup.go:473","msg":"handling connect request for URL https://improving.duckduckgo.com:443"}
{"level":"debug","time":"2023-05-24T18:24:01.438+0530","caller":"custom/setup.go:473","msg":"handling connect request for URL https://the-internet.herokuapp.com:443"}
{"level":"debug","time":"2023-05-24T18:24:01.440+0530","caller":"custom/setup.go:473","msg":"handling connect request for URL https://the-internet.herokuapp.com:443"}
{"level":"debug","time":"2023-05-24T18:24:01.441+0530","caller":"custom/setup.go:473","msg":"handling connect request for URL https://the-internet.herokuapp.com:443"}
{"level":"debug","time":"2023-05-24T18:24:01.651+0530","caller":"custom/setup.go:473","msg":"handling connect request for URL https://the-internet.herokuapp.com:443"}
{"level":"debug","time":"2023-05-24T18:24:01.698+0530","caller":"custom/setup.go:473","msg":"handling connect request for URL https://the-internet.herokuapp.com:443"}
{"level":"debug","time":"2023-05-24T18:24:03.079+0530","caller":"custom/setup.go:473","msg":"handling connect request for URL https://optimizationguide-pa.googleapis.com:443"}
{"level":"debug","time":"2023-05-24T18:24:03.101+0530","caller":"custom/setup.go:473","msg":"handling connect request for URL https://optimizationguide-pa.googleapis.com:443"}
{"level":"debug","time":"2023-05-24T18:24:03.342+0530","caller":"custom/setup.go:473","msg":"handling connect request for URL https://optimizationguide-pa.googleapis.com:443"}
{"level":"debug","time":"2023-05-24T18:24:04.099+0530","caller":"custom/setup.go:473","msg":"handling connect request for URL https://duckduckgo.com:443"}
{"level":"debug","time":"2023-05-24T18:24:04.153+0530","caller":"custom/setup.go:473","msg":"handling connect request for URL https://duckduckgo.com:443"}
{"level":"debug","time":"2023-05-24T18:24:04.153+0530","caller":"custom/setup.go:473","msg":"handling connect request for URL https://duckduckgo.com:443"}
{"level":"debug","time":"2023-05-24T18:24:04.227+0530","caller":"custom/setup.go:473","msg":"handling connect request for URL https://duckduckgo.com:443"}
{"level":"debug","time":"2023-05-24T18:24:04.578+0530","caller":"custom/setup.go:473","msg":"handling connect request for URL https://duckduckgo.com:443"}
{"level":"debug","time":"2023-05-24T18:24:04.614+0530","caller":"custom/setup.go:473","msg":"handling connect request for URL https://links.duckduckgo.com:443"}
{"level":"debug","time":"2023-05-24T18:24:05.637+0530","caller":"custom/setup.go:473","msg":"handling connect request for URL https://298279967.log.optimizely.com:443"}
{"level":"warn","time":"2023-05-24T18:24:05.639+0530","caller":"custom/setup.go:510","msg":"error while tunneling https request for host 298279967.log.optimizely.com:443, dial tcp: lookup 298279967.log.optimizely.com: no such host"}
{"level":"debug","time":"2023-05-24T18:24:06.270+0530","caller":"custom/setup.go:473","msg":"handling connect request for URL https://optimizationguide-pa.googleapis.com:443"}
{"level":"debug","time":"2023-05-24T18:24:06.339+0530","caller":"custom/setup.go:473","msg":"handling connect request for URL https://duckduckgo.com:443"}
{"level":"debug","time":"2023-05-24T18:24:06.702+0530","caller":"custom/setup.go:473","msg":"handling connect request for URL https://optimizationguide-pa.googleapis.com:443"}
{"level":"debug","time":"2023-05-24T18:24:08.190+0530","caller":"custom/setup.go:473","msg":"handling connect request for URL https://external-content.duckduckgo.com:443"}
{"level":"debug","time":"2023-05-24T18:24:08.195+0530","caller":"custom/setup.go:473","msg":"handling connect request for URL https://external-content.duckduckgo.com:443"}
{"level":"debug","time":"2023-05-24T18:24:08.834+0530","caller":"custom/setup.go:473","msg":"handling connect request for URL https://external-content.duckduckgo.com:443"}
{"level":"debug","time":"2023-05-24T18:24:08.863+0530","caller":"custom/setup.go:473","msg":"handling connect request for URL https://external-content.duckduckgo.com:443"}
{"level":"debug","time":"2023-05-24T18:24:08.863+0530","caller":"custom/setup.go:473","msg":"handling connect request for URL https://external-content.duckduckgo.com:443"}
{"level":"debug","time":"2023-05-24T18:24:08.863+0530","caller":"custom/setup.go:473","msg":"handling connect request for URL https://external-content.duckduckgo.com:443"}
{"level":"debug","time":"2023-05-24T18:24:17.378+0530","caller":"custom/setup.go:473","msg":"handling connect request for URL https://298279967.log.optimizely.com:443"}
{"level":"warn","time":"2023-05-24T18:24:17.380+0530","caller":"custom/setup.go:510","msg":"error while tunneling https request for host 298279967.log.optimizely.com:443, dial tcp: lookup 298279967.log.optimizely.com: no such host"}
{"level":"debug","time":"2023-05-24T18:24:18.684+0530","caller":"custom/setup.go:473","msg":"handling connect request for URL https://298279967.log.optimizely.com:443"}
{"level":"warn","time":"2023-05-24T18:24:18.686+0530","caller":"custom/setup.go:510","msg":"error while tunneling https request for host 298279967.log.optimizely.com:443, dial tcp: lookup 298279967.log.optimizely.com: no such host"}
{"level":"debug","time":"2023-05-24T18:24:19.398+0530","caller":"custom/setup.go:473","msg":"handling connect request for URL https://298279967.log.optimizely.com:443"}
{"level":"warn","time":"2023-05-24T18:24:19.399+0530","caller":"custom/setup.go:510","msg":"error while tunneling https request for host 298279967.log.optimizely.com:443, dial tcp: lookup 298279967.log.optimizely.com: no such host"}
{"level":"debug","time":"2023-05-24T18:24:19.755+0530","caller":"custom/setup.go:473","msg":"handling connect request for URL https://298279967.log.optimizely.com:443"}
{"level":"warn","time":"2023-05-24T18:24:19.758+0530","caller":"custom/setup.go:510","msg":"error while tunneling https request for host 298279967.log.optimizely.com:443, dial tcp: lookup 298279967.log.optimizely.com: no such host"}
{"level":"debug","time":"2023-05-24T18:24:19.978+0530","caller":"custom/setup.go:473","msg":"handling connect request for URL https://298279967.log.optimizely.com:443"}
{"level":"warn","time":"2023-05-24T18:24:19.980+0530","caller":"custom/setup.go:510","msg":"error while tunneling https request for host 298279967.log.optimizely.com:443, dial tcp: lookup 298279967.log.optimizely.com: no such host"}
{"level":"debug","time":"2023-05-24T18:24:21.164+0530","caller":"custom/setup.go:473","msg":"handling connect request for URL https://298279967.log.optimizely.com:443"}
{"level":"warn","time":"2023-05-24T18:24:21.165+0530","caller":"custom/setup.go:510","msg":"error while tunneling https request for host 298279967.log.optimizely.com:443, dial tcp: lookup 298279967.log.optimizely.com: no such host"}
{"level":"debug","time":"2023-05-24T18:24:21.258+0530","caller":"custom/setup.go:473","msg":"handling connect request for URL https://298279967.log.optimizely.com:443"}
{"level":"warn","time":"2023-05-24T18:24:21.261+0530","caller":"custom/setup.go:510","msg":"error while tunneling https request for host 298279967.log.optimizely.com:443, dial tcp: lookup 298279967.log.optimizely.com: no such host"}
{"level":"debug","time":"2023-05-24T18:24:22.786+0530","caller":"custom/setup.go:473","msg":"handling connect request for URL https://298279967.log.optimizely.com:443"}
{"level":"warn","time":"2023-05-24T18:24:22.787+0530","caller":"custom/setup.go:510","msg":"error while tunneling https request for host 298279967.log.optimizely.com:443, dial tcp: lookup 298279967.log.optimizely.com: no such host"}
{"level":"debug","time":"2023-05-24T18:24:33.496+0530","caller":"core/lifecycle.go:379","msg":"Context cancelled"}
{"level":"debug","time":"2023-05-24T18:24:33.496+0530","caller":"custom/setup.go:702","msg":"Exiting the sink proxy"}
{"level":"info","time":"2023-05-24T18:24:33.496+0530","caller":"core/lifecycle.go:381","msg":"Stopping tunnel"}
{"level":"debug","time":"2023-05-24T18:24:33.496+0530","caller":"apiserver/setup.go:132","msg":"Shutting down the server"}
{"level":"debug","time":"2023-05-24T18:24:33.496+0530","caller":"ws/control.go:140","msg":"Unusual close error on control channel..."}
{"level":"debug","time":"2023-05-24T18:24:33.496+0530","caller":"ws/control.go:193","msg":"Write loop ended for control channel"}
{"level":"debug","time":"2023-05-24T18:24:34.257+0530","caller":"ssh/ssh.go:222","msg":"Remote connection on remote port: 13950 closed, reason: EOF"}
{"level":"debug","time":"2023-05-24T18:24:34.257+0530","caller":"ssh/ssh.go:222","msg":"Remote connection on remote port: 17546 closed, reason: EOF"}
{"level":"debug","time":"2023-05-24T18:24:34.257+0530","caller":"ssh/ssh.go:222","msg":"Remote connection on remote port: 29072 closed, reason: EOF"}
{"level":"debug","time":"2023-05-24T18:24:34.258+0530","caller":"ssh/ssh.go:244","msg":"closed ssh connection with port 17546"}
{"level":"debug","time":"2023-05-24T18:24:34.258+0530","caller":"ssh/ssh.go:244","msg":"closed ssh connection with port 13950"}
{"level":"debug","time":"2023-05-24T18:24:34.257+0530","caller":"ssh/ssh.go:222","msg":"Remote connection on remote port: 16975 closed, reason: EOF"}
{"level":"debug","time":"2023-05-24T18:24:34.258+0530","caller":"ssh/ssh.go:244","msg":"closed ssh connection with port 29072"}
{"level":"debug","time":"2023-05-24T18:24:34.257+0530","caller":"ssh/ssh.go:222","msg":"Remote connection on remote port: 28836 closed, reason: EOF"}
{"level":"debug","time":"2023-05-24T18:24:34.258+0530","caller":"ssh/ssh.go:244","msg":"closed ssh connection with port 16975"}
{"level":"debug","time":"2023-05-24T18:24:34.258+0530","caller":"ssh/ssh.go:244","msg":"closed ssh connection with port 28836"}
{"level":"info","time":"2023-05-24T18:24:34.442+0530","caller":"core/lifecycle.go:388","msg":"Tunnel stopped successfully"}
{"level":"debug","time":"2023-05-24T18:24:34.442+0530","caller":"core/lifecycle.go:390","msg":"Quit requested from main goroutine...."}
{"level":"debug","time":"2023-05-24T18:24:34.443+0530","caller":"core/lifecycle.go:391","msg":"Waiting for the goroutines to exit"}
{"level":"debug","time":"2023-05-24T18:24:34.443+0530","caller":"core/lifecycle.go:393","msg":"All goroutines exited"}
{"level":"debug","time":"2023-05-24T18:24:34.443+0530","caller":"cmd/lt.go:239","msg":"main: all goroutines have finished."}
